# JRE version: OpenJDK Runtime Environment (24.0.1+9) (build 24.0.1+9-30)
# Java VM: OpenJDK 64-Bit Server VM (24.0.1+9-30, mixed mode, sharing, tiered, compressed oops, compressed class ptrs, g1 gc, windows-amd64)
GC Precious Log:
 CardTable entry size: 512
 Card Set container configuration: InlinePtr #cards 4 size 8 Array Of Cards #cards 16 size 48 Howl #buckets 8 coarsen threshold 3686 Howl Bitmap #cards 512 size 80 coarsen threshold 460 Card regions per heap region 1 cards per card region 4096
 CPUs: 8 total, 8 available
 Memory: 16144M
 Large Page Support: Disabled
 NUMA Support: Disabled
 Compressed Oops: Enabled (Zero based)
 Heap Region Size: 2M
 Heap Min Capacity: 8M
 Heap Initial Capacity: 254M
 Heap Max Capacity: 4038M
 Pre-touch: Disabled
 Parallel Workers: 8
 Concurrent Workers: 2
 Concurrent Refinement Workers: 8
 Periodic GC: Disabled
Heap:
 garbage-first heap   total reserved 4134912K, committed 106496K, used 78038K [0x0000000703a00000, 0x0000000800000000)
  region size 2048K, 11 young (22528K), 2 survivors (4096K)
 Metaspace       used 99125K, committed 100288K, reserved 1179648K
  class space    used 10816K, committed 11264K, reserved 1048576K
GC Heap History (20 events):
Event: 12.850 GC heap before
{Heap before GC invocations=18 (full 0):
 garbage-first heap   total reserved 4134912K, committed 88064K, used 77060K [0x0000000703a00000, 0x0000000800000000)
  region size 2048K, 14 young (28672K), 2 survivors (4096K)
 Metaspace       used 87899K, committed 88512K, reserved 1179648K
  class space    used 9612K, committed 9856K, reserved 1048576K
}
Event: 12.856 GC heap after
{Heap after GC invocations=19 (full 0):
 garbage-first heap   total reserved 4134912K, committed 88064K, used 54615K [0x0000000703a00000, 0x0000000800000000)
  region size 2048K, 2 young (4096K), 2 survivors (4096K)
 Metaspace       used 87899K, committed 88512K, reserved 1179648K
  class space    used 9612K, committed 9856K, reserved 1048576K
}
Event: 13.249 GC heap before
{Heap before GC invocations=20 (full 0):
 garbage-first heap   total reserved 4134912K, committed 92160K, used 77143K [0x0000000703a00000, 0x0000000800000000)
  region size 2048K, 13 young (26624K), 2 survivors (4096K)
 Metaspace       used 89614K, committed 90240K, reserved 1179648K
  class space    used 9889K, committed 10176K, reserved 1048576K
}
Event: 13.255 GC heap after
{Heap after GC invocations=21 (full 0):
 garbage-first heap   total reserved 4134912K, committed 92160K, used 56616K [0x0000000703a00000, 0x0000000800000000)
  region size 2048K, 1 young (2048K), 1 survivors (2048K)
 Metaspace       used 89614K, committed 90240K, reserved 1179648K
  class space    used 9889K, committed 10176K, reserved 1048576K
}
Event: 13.791 GC heap before
{Heap before GC invocations=21 (full 0):
 garbage-first heap   total reserved 4134912K, committed 92160K, used 83240K [0x0000000703a00000, 0x0000000800000000)
  region size 2048K, 14 young (28672K), 1 survivors (2048K)
 Metaspace       used 91593K, committed 92352K, reserved 1179648K
  class space    used 10155K, committed 10432K, reserved 1048576K
}
Event: 13.797 GC heap after
{Heap after GC invocations=22 (full 0):
 garbage-first heap   total reserved 4134912K, committed 92160K, used 58537K [0x0000000703a00000, 0x0000000800000000)
  region size 2048K, 2 young (4096K), 2 survivors (4096K)
 Metaspace       used 91593K, committed 92352K, reserved 1179648K
  class space    used 10155K, committed 10432K, reserved 1048576K
}
Event: 14.199 GC heap before
{Heap before GC invocations=22 (full 0):
 garbage-first heap   total reserved 4134912K, committed 92160K, used 81065K [0x0000000703a00000, 0x0000000800000000)
  region size 2048K, 13 young (26624K), 2 survivors (4096K)
 Metaspace       used 95055K, committed 95744K, reserved 1179648K
  class space    used 10585K, committed 10880K, reserved 1048576K
}
Event: 14.206 GC heap after
{Heap after GC invocations=23 (full 0):
 garbage-first heap   total reserved 4134912K, committed 92160K, used 61064K [0x0000000703a00000, 0x0000000800000000)
  region size 2048K, 2 young (4096K), 2 survivors (4096K)
 Metaspace       used 95055K, committed 95744K, reserved 1179648K
  class space    used 10585K, committed 10880K, reserved 1048576K
}
Event: 46.013 GC heap before
{Heap before GC invocations=24 (full 0):
 garbage-first heap   total reserved 4134912K, committed 106496K, used 77448K [0x0000000703a00000, 0x0000000800000000)
  region size 2048K, 10 young (20480K), 2 survivors (4096K)
 Metaspace       used 97919K, committed 98688K, reserved 1179648K
  class space    used 10901K, committed 11200K, reserved 1048576K
}
Event: 46.017 GC heap after
{Heap after GC invocations=25 (full 0):
 garbage-first heap   total reserved 4134912K, committed 106496K, used 62583K [0x0000000703a00000, 0x0000000800000000)
  region size 2048K, 1 young (2048K), 1 survivors (2048K)
 Metaspace       used 97919K, committed 98688K, reserved 1179648K
  class space    used 10901K, committed 11200K, reserved 1048576K
}
Event: 1122.118 GC heap before
{Heap before GC invocations=25 (full 0):
 garbage-first heap   total reserved 4134912K, committed 106496K, used 95351K [0x0000000703a00000, 0x0000000800000000)
  region size 2048K, 17 young (34816K), 1 survivors (2048K)
 Metaspace       used 98344K, committed 99136K, reserved 1179648K
  class space    used 10902K, committed 11200K, reserved 1048576K
}
Event: 1122.121 GC heap after
{Heap after GC invocations=26 (full 0):
 garbage-first heap   total reserved 4134912K, committed 106496K, used 61494K [0x0000000703a00000, 0x0000000800000000)
  region size 2048K, 1 young (2048K), 1 survivors (2048K)
 Metaspace       used 98344K, committed 99136K, reserved 1179648K
  class space    used 10902K, committed 11200K, reserved 1048576K
}
Event: 2035.458 GC heap before
{Heap before GC invocations=26 (full 0):
 garbage-first heap   total reserved 4134912K, committed 106496K, used 94262K [0x0000000703a00000, 0x0000000800000000)
  region size 2048K, 17 young (34816K), 1 survivors (2048K)
 Metaspace       used 98732K, committed 99584K, reserved 1179648K
  class space    used 10909K, committed 11264K, reserved 1048576K
}
Event: 2035.461 GC heap after
{Heap after GC invocations=27 (full 0):
 garbage-first heap   total reserved 4134912K, committed 106496K, used 62232K [0x0000000703a00000, 0x0000000800000000)
  region size 2048K, 1 young (2048K), 1 survivors (2048K)
 Metaspace       used 98732K, committed 99584K, reserved 1179648K
  class space    used 10909K, committed 11264K, reserved 1048576K
}
Event: 3058.237 GC heap before
{Heap before GC invocations=28 (full 0):
 garbage-first heap   total reserved 4134912K, committed 106496K, used 95000K [0x0000000703a00000, 0x0000000800000000)
  region size 2048K, 17 young (34816K), 1 survivors (2048K)
 Metaspace       used 99005K, committed 99840K, reserved 1179648K
  class space    used 10910K, committed 11264K, reserved 1048576K
}
Event: 3058.239 GC heap after
{Heap after GC invocations=29 (full 0):
 garbage-first heap   total reserved 4134912K, committed 106496K, used 62315K [0x0000000703a00000, 0x0000000800000000)
  region size 2048K, 2 young (4096K), 2 survivors (4096K)
 Metaspace       used 99005K, committed 99840K, reserved 1179648K
  class space    used 10910K, committed 11264K, reserved 1048576K
}
Event: 3946.721 GC heap before
{Heap before GC invocations=29 (full 0):
 garbage-first heap   total reserved 4134912K, committed 106496K, used 90987K [0x0000000703a00000, 0x0000000800000000)
  region size 2048K, 16 young (32768K), 2 survivors (4096K)
 Metaspace       used 99207K, committed 100032K, reserved 1179648K
  class space    used 10911K, committed 11264K, reserved 1048576K
}
Event: 3946.725 GC heap after
{Heap after GC invocations=30 (full 0):
 garbage-first heap   total reserved 4134912K, committed 106496K, used 61589K [0x0000000703a00000, 0x0000000800000000)
  region size 2048K, 2 young (4096K), 2 survivors (4096K)
 Metaspace       used 99207K, committed 100032K, reserved 1179648K
  class space    used 10911K, committed 11264K, reserved 1048576K
}
Event: 4872.859 GC heap before
{Heap before GC invocations=30 (full 0):
 garbage-first heap   total reserved 4134912K, committed 106496K, used 92309K [0x0000000703a00000, 0x0000000800000000)
  region size 2048K, 17 young (34816K), 2 survivors (4096K)
 Metaspace       used 99411K, committed 100224K, reserved 1179648K
  class space    used 10911K, committed 11264K, reserved 1048576K
}
Event: 4872.862 GC heap after
{Heap after GC invocations=31 (full 0):
 garbage-first heap   total reserved 4134912K, committed 106496K, used 61654K [0x0000000703a00000, 0x0000000800000000)
  region size 2048K, 2 young (4096K), 2 survivors (4096K)
 Metaspace       used 99411K, committed 100224K, reserved 1179648K
  class space    used 10911K, committed 11264K, reserved 1048576K
}

